11:08:00:260  INFO 29396 --- [main] com.hmall.HMallApplication               : Starting HMallApplication using Java 19.0.1 on DESKTOP-3OADM2T with PID 29396 (C:\liwen\java\hmall\hm-service\target\classes started by 李文 in C:\liwen\java\hmall)
11:08:00:261 DEBUG 29396 --- [main] com.hmall.HMallApplication               : Running with Spring Boot v2.7.12, Spring v5.3.27
11:08:00:261  INFO 29396 --- [main] com.hmall.HMallApplication               : The following 1 profile is active: "dev"
11:08:01:464  INFO 29396 --- [main] .s.d.r.c.RepositoryConfigurationDelegate : Multiple Spring Data modules found, entering strict repository configuration mode
11:08:01:467  INFO 29396 --- [main] .s.d.r.c.RepositoryConfigurationDelegate : Bootstrapping Spring Data Redis repositories in DEFAULT mode.
11:08:01:495  INFO 29396 --- [main] .s.d.r.c.RepositoryConfigurationDelegate : Finished Spring Data repository scanning in 11 ms. Found 0 Redis repository interfaces.
11:08:02:032  INFO 29396 --- [main] o.s.b.w.embedded.tomcat.TomcatWebServer  : Tomcat initialized with port(s): 8080 (http)
11:08:02:041  INFO 29396 --- [main] o.apache.catalina.core.StandardService   : Starting service [Tomcat]
11:08:02:041  INFO 29396 --- [main] org.apache.catalina.core.StandardEngine  : Starting Servlet engine: [Apache Tomcat/9.0.75]
11:08:02:147  INFO 29396 --- [main] o.a.c.c.C.[Tomcat].[localhost].[/]       : Initializing Spring embedded WebApplicationContext
11:08:02:147  INFO 29396 --- [main] w.s.c.ServletWebServerApplicationContext : Root WebApplicationContext: initialization completed in 1848 ms
11:08:03:420  INFO 29396 --- [main] pertySourcedRequestMappingHandlerMapping : Mapped URL path [/v2/api-docs] onto method [springfox.documentation.swagger2.web.Swagger2ControllerWebMvc#getDocumentation(String, HttpServletRequest)]
11:08:03:786  INFO 29396 --- [main] o.s.b.w.embedded.tomcat.TomcatWebServer  : Tomcat started on port(s): 8080 (http) with context path ''
11:08:03:787  INFO 29396 --- [main] d.s.w.p.DocumentationPluginsBootstrapper : Documentation plugins bootstrapped
11:08:03:789  INFO 29396 --- [main] d.s.w.p.DocumentationPluginsBootstrapper : Found 1 custom documentation plugin(s)
11:08:03:812  INFO 29396 --- [main] s.d.s.w.s.ApiListingReferenceScanner     : Scanning for api listing references
11:08:03:936  INFO 29396 --- [main] com.hmall.HMallApplication               : Started HMallApplication in 4.038 seconds (JVM running for 5.078)
14:58:33:819  INFO 12208 --- [main] com.hmall.HMallApplication               : Starting HMallApplication using Java 19.0.1 on DESKTOP-3OADM2T with PID 12208 (C:\liwen\java\hmall\hm-service\target\classes started by 李文 in C:\liwen\java\hmall)
14:58:33:821 DEBUG 12208 --- [main] com.hmall.HMallApplication               : Running with Spring Boot v2.7.12, Spring v5.3.27
14:58:33:821  INFO 12208 --- [main] com.hmall.HMallApplication               : The following 1 profile is active: "local"
14:58:34:948  INFO 12208 --- [main] .s.d.r.c.RepositoryConfigurationDelegate : Multiple Spring Data modules found, entering strict repository configuration mode
14:58:34:950  INFO 12208 --- [main] .s.d.r.c.RepositoryConfigurationDelegate : Bootstrapping Spring Data Redis repositories in DEFAULT mode.
14:58:34:985  INFO 12208 --- [main] .s.d.r.c.RepositoryConfigurationDelegate : Finished Spring Data repository scanning in 18 ms. Found 0 Redis repository interfaces.
14:58:35:522  INFO 12208 --- [main] o.s.b.w.embedded.tomcat.TomcatWebServer  : Tomcat initialized with port(s): 8080 (http)
14:58:35:530  INFO 12208 --- [main] o.apache.catalina.core.StandardService   : Starting service [Tomcat]
14:58:35:530  INFO 12208 --- [main] org.apache.catalina.core.StandardEngine  : Starting Servlet engine: [Apache Tomcat/9.0.75]
14:58:35:631  INFO 12208 --- [main] o.a.c.c.C.[Tomcat].[localhost].[/]       : Initializing Spring embedded WebApplicationContext
14:58:35:632  INFO 12208 --- [main] w.s.c.ServletWebServerApplicationContext : Root WebApplicationContext: initialization completed in 1778 ms
14:58:36:848  INFO 12208 --- [main] pertySourcedRequestMappingHandlerMapping : Mapped URL path [/v2/api-docs] onto method [springfox.documentation.swagger2.web.Swagger2ControllerWebMvc#getDocumentation(String, HttpServletRequest)]
14:58:37:220  INFO 12208 --- [main] o.s.b.w.embedded.tomcat.TomcatWebServer  : Tomcat started on port(s): 8080 (http) with context path ''
14:58:37:220  INFO 12208 --- [main] d.s.w.p.DocumentationPluginsBootstrapper : Documentation plugins bootstrapped
14:58:37:222  INFO 12208 --- [main] d.s.w.p.DocumentationPluginsBootstrapper : Found 1 custom documentation plugin(s)
14:58:37:244  INFO 12208 --- [main] s.d.s.w.s.ApiListingReferenceScanner     : Scanning for api listing references
14:58:37:372  INFO 12208 --- [main] com.hmall.HMallApplication               : Started HMallApplication in 3.869 seconds (JVM running for 5.325)
